This is pdfTeXk, Version 3.141592-1.40.3 (Web2C 7.5.6) (format=latex 2013.3.14)  7 AUG 2014 13:42
entering extended mode
 %&-line parsing enabled.
**proposal_pcui.tex
(./proposal_pcui.tex
LaTeX2e <2005/12/01>
Babel <v3.8h> and hyphenation patterns for english, usenglishmax, dumylang, noh
yphenation, arabic, basque, bulgarian, coptic, welsh, czech, slovak, german, ng
erman, danish, esperanto, spanish, catalan, galician, estonian, farsi, finnish,
 french, greek, monogreek, ancientgreek, croatian, hungarian, interlingua, ibyc
us, indonesian, icelandic, italian, latin, mongolian, dutch, norsk, polish, por
tuguese, pinyin, romanian, russian, slovenian, uppersorbian, serbian, swedish, 
turkish, ukenglish, ukrainian, loaded.
(/usr/share/texmf/tex/latex/base/report.cls
Document Class: report 2005/09/16 v1.4f Standard LaTeX document class
(/usr/share/texmf/tex/latex/base/size12.clo
File: size12.clo 2005/09/16 v1.4f Standard LaTeX file (size option)
)
\c@part=\count79
\c@chapter=\count80
\c@section=\count81
\c@subsection=\count82
\c@subsubsection=\count83
\c@paragraph=\count84
\c@subparagraph=\count85
\c@figure=\count86
\c@table=\count87
\abovecaptionskip=\skip41
\belowcaptionskip=\skip42
\bibindent=\dimen102
) (./smu_thesis.sty
===================================================================
 Document Style `thesis' (C) 1994, Jin Liu 
-------------------------------------------------------------------
 For the questions concerning the format and usage of this LaTeX 
 document style, please contact Jin Liu at "jin@seas.smu.edu", 
 Electrical Engineering Department, S.M.U., Dallas, Texas 75275. 
-------------------------------------------------------------------
 Modified by Yu Chih (Julie) Liu, 1997 
===================================================================
\numdegree=\count88
\numCmember=\count89
\hour=\count90
\minute=\count91
\dow=\count92
\leap=\count93
\x=\count94
\y=\count95
\c@ex=\count96
\c@theor=\count97
\c@mtd=\count98
\c@mydef=\count99
\c@algorithm=\count100
) (/usr/share/texmf/tex/generic/epsf/epsf.sty
This is `epsf.tex' v2.7.3 <23 July 2005>
\epsffilein=\read1
\epsfframemargin=\dimen103
\epsfframethickness=\dimen104
\epsfrsize=\dimen105
\epsftmp=\dimen106
\epsftsize=\dimen107
\epsfxsize=\dimen108
\epsfysize=\dimen109
\pspoints=\dimen110
) (/usr/share/texmf/tex/latex/amsmath/amsmath.sty
Package: amsmath 2000/07/18 v2.13 AMS math features
\@mathmargin=\skip43

For additional information on amsmath, use the `?' option.
(/usr/share/texmf/tex/latex/amsmath/amstext.sty
Package: amstext 2000/06/29 v2.01

(/usr/share/texmf/tex/latex/amsmath/amsgen.sty
File: amsgen.sty 1999/11/30 v2.0
\@emptytoks=\toks14
\ex@=\dimen111
))
(/usr/share/texmf/tex/latex/amsmath/amsbsy.sty
Package: amsbsy 1999/11/29 v1.2d
\pmbraise@=\dimen112
)
(/usr/share/texmf/tex/latex/amsmath/amsopn.sty
Package: amsopn 1999/12/14 v2.01 operator names
)
\inf@bad=\count101
LaTeX Info: Redefining \frac on input line 211.
\uproot@=\count102
\leftroot@=\count103
LaTeX Info: Redefining \overline on input line 307.
\classnum@=\count104
\DOTSCASE@=\count105
LaTeX Info: Redefining \ldots on input line 379.
LaTeX Info: Redefining \dots on input line 382.
LaTeX Info: Redefining \cdots on input line 467.
\Mathstrutbox@=\box26
\strutbox@=\box27
\big@size=\dimen113
LaTeX Font Info:    Redeclaring font encoding OML on input line 567.
LaTeX Font Info:    Redeclaring font encoding OMS on input line 568.
\macc@depth=\count106
\c@MaxMatrixCols=\count107
\dotsspace@=\muskip10
\c@parentequation=\count108
\dspbrk@lvl=\count109
\tag@help=\toks15
\row@=\count110
\column@=\count111
\maxfields@=\count112
\andhelp@=\toks16
\eqnshift@=\dimen114
\alignsep@=\dimen115
\tagshift@=\dimen116
\tagwidth@=\dimen117
\totwidth@=\dimen118
\lineht@=\dimen119
\@envbody=\toks17
\multlinegap=\skip44
\multlinetaggap=\skip45
\mathdisplay@stack=\toks18
LaTeX Info: Redefining \[ on input line 2666.
LaTeX Info: Redefining \] on input line 2667.
)
(/usr/share/texmf/tex/latex/graphics/graphicx.sty
Package: graphicx 1999/02/16 v1.0f Enhanced LaTeX Graphics (DPC,SPQR)

(/usr/share/texmf/tex/latex/graphics/keyval.sty
Package: keyval 1999/03/16 v1.13 key=value parser (DPC)
\KV@toks@=\toks19
)
(/usr/share/texmf/tex/latex/graphics/graphics.sty
Package: graphics 2006/02/20 v1.0o Standard LaTeX Graphics (DPC,SPQR)

(/usr/share/texmf/tex/latex/graphics/trig.sty
Package: trig 1999/03/16 v1.09 sin cos tan (DPC)
)
(/usr/share/texmf/tex/latex/config/graphics.cfg
File: graphics.cfg 2007/01/18 v1.5 graphics configuration of teTeX/TeXLive
)
Package graphics Info: Driver file: dvips.def on input line 90.

(/usr/share/texmf/tex/latex/graphics/dvips.def
File: dvips.def 1999/02/16 v3.0i Driver-dependant file (DPC,SPQR)
))
\Gin@req@height=\dimen120
\Gin@req@width=\dimen121
)
(/usr/share/texmf/tex/latex/tools/verbatim.sty
Package: verbatim 2003/08/22 v1.5q LaTeX2e package for verbatim enhancements
\every@verbatim=\toks20
\verbatim@line=\toks21
\verbatim@in@stream=\read2
)
(/usr/share/texmf/tex/latex/algorithms/algorithm.sty
Package: algorithm 

Document Style `algorithm' - floating environment
(/usr/share/texmf/tex/latex/float/float.sty
Package: float 2001/11/08 v1.3d Float enhancements (AL)
\c@float@type=\count113
\float@exts=\toks22
\float@box=\box28
\@float@everytoks=\toks23
\@floatcapt=\box29
)
(/usr/share/texmf/tex/latex/base/ifthen.sty
Package: ifthen 2001/05/26 v1.1c Standard LaTeX ifthen package (DPC)
)
\@float@every@algorithm=\toks24
)
(/usr/share/texmf/tex/latex/algorithms/algorithmic.sty
Package: algorithmic 2006/06/02

Document Style `algorithmic' - environment
(/usr/share/texmf/tex/latex/tools/calc.sty
Package: calc 2005/08/06 v4.2 Infix arithmetic (KKT,FJ)
\calc@Acount=\count114
\calc@Bcount=\count115
\calc@Adimen=\dimen122
\calc@Bdimen=\dimen123
\calc@Askip=\skip46
\calc@Bskip=\skip47
LaTeX Info: Redefining \setlength on input line 75.
LaTeX Info: Redefining \addtolength on input line 76.
\calc@Ccount=\count116
\calc@Cskip=\skip48
)
\c@ALC@line=\count117
\c@ALC@rem=\count118
\c@ALC@depth=\count119
\ALC@tlm=\skip49
\algorithmicindent=\skip50
)
(/usr/share/texmf/tex/latex/fancyhdr/fancyhdr.sty
\fancy@headwidth=\skip51
\f@ncyO@elh=\skip52
\f@ncyO@erh=\skip53
\f@ncyO@olh=\skip54
\f@ncyO@orh=\skip55
\f@ncyO@elf=\skip56
\f@ncyO@erf=\skip57
\f@ncyO@olf=\skip58
\f@ncyO@orf=\skip59
)
(/usr/share/texmf/tex/latex/multirow/multirow.sty
\bigstrutjot=\dimen124
)
(/usr/share/texmf/tex/latex/ltxmisc/url.sty
\Urlmuskip=\muskip11
Package: url 2005/06/27  ver 3.2  Verb mode for urls, etc.
) (./proposal_pcui.aux

LaTeX Warning: Label `sec:related' multiply defined.


LaTeX Warning: Label `eq:friis' multiply defined.


LaTeX Warning: Label `sec:related' multiply defined.


LaTeX Warning: Label `sec:related' multiply defined.

)
\openout1 = `proposal_pcui.aux'.

LaTeX Font Info:    Checking defaults for OML/cmm/m/it on input line 35.
LaTeX Font Info:    ... okay on input line 35.
LaTeX Font Info:    Checking defaults for T1/cmr/m/n on input line 35.
LaTeX Font Info:    ... okay on input line 35.
LaTeX Font Info:    Checking defaults for OT1/cmr/m/n on input line 35.
LaTeX Font Info:    ... okay on input line 35.
LaTeX Font Info:    Checking defaults for OMS/cmsy/m/n on input line 35.
LaTeX Font Info:    ... okay on input line 35.
LaTeX Font Info:    Checking defaults for OMX/cmex/m/n on input line 35.
LaTeX Font Info:    ... okay on input line 35.
LaTeX Font Info:    Checking defaults for U/cmr/m/n on input line 35.
LaTeX Font Info:    ... okay on input line 35.
\numfigure=\count120
\numtable=\count121
\chaptertest=\count122
 (./proposal_pcui.idx) [0


] [0] (./acknow.tex) [3]
Underfull \hbox (badness 10000) in paragraph at lines 105--105

 []

(./abstract.tex [4] [5]) [6] (./proposal_pcui.toc [7

])
\tf@toc=\write3
\openout3 = `proposal_pcui.toc'.

 [8] (./proposal_pcui.lof)
\tf@lof=\write4
\openout4 = `proposal_pcui.lof'.

 [9

] (./proposal_pcui.lot)
\tf@lot=\write5
\openout5 = `proposal_pcui.lot'.

 [10

] [0] (./chap_intro.tex
Chapter 1.
[1

] [2] [3] [4] [5] [6] [7] [8]) (./chap_background.tex [9]
Chapter 2.
[10

]
File: figures/gw2358.eps Graphic file (type eps)
 <figures/gw2358.eps> [11] [12]
File: figures/fsh8.eps Graphic file (type eps)
 <figures/fsh8.eps> [13]) (./chap_vnc.tex
[14]
Chapter 3.
(./multiband_vnc/model.tex
Overfull \hbox (5.20886pt too wide) in paragraph at lines 14--21
[]\OT1/cmr/m/n/12 Consider a sys-tem with $\OML/cmm/m/it/12 n$ \OT1/cmr/m/n/12 
fre-quency bands, rep-re-sented by an in-dex set $\OMS/cmsy/m/n/12 f\OT1/cmr/m/
n/12 1\OML/cmm/m/it/12 ; \OT1/cmr/m/n/12 2\OML/cmm/m/it/12 ; [] ; n\OMS/cmsy/m/
n/12 g$\OT1/cmr/m/n/12 .
 []

[15

]

LaTeX Warning: Reference `sec:experiment design' on page 16 undefined on input 
line 85.

[16]

LaTeX Warning: Reference `sec:experiment design' on page 17 undefined on input 
line 114.

[17]

LaTeX Warning: Float too large for page by 222.80685pt on input line 167.

) (./multiband_vnc/experiment_design.tex [18] [19]
File: figures/emulator2.eps Graphic file (type eps)
 <figures/emulator2.eps>

LaTeX Warning: `h' float specifier changed to `ht'.

[20]
File: figures/infield.eps Graphic file (type eps)
 <figures/infield.eps>
File: figures/sa_process.eps Graphic file (type eps)
 <figures/sa_process.eps> [21])
(./multiband_vnc/experiment.tex [22]
File: figures/performance_accuracy.eps Graphic file (type eps)
 <figures/performance_accuracy.eps>
LaTeX Font Info:    Try loading font information for OMS+cmr on input line 61.

(/usr/share/texmf/tex/latex/base/omscmr.fd
File: omscmr.fd 1999/05/25 v2.5h Standard LaTeX font definitions
)
LaTeX Font Info:    Font shape `OMS/cmr/m/n' in size <12> not available
(Font)              Font shape `OMS/cmsy/m/n' tried instead on input line 61.
 [23]
Overfull \hbox (2.74246pt too wide) in paragraph at lines 66--70
[]\OT1/cmr/m/n/12 The sec-ond base-line al-go-rithm, \OT1/cmr/m/it/12 SNR-based
 Through-put Look-up\OT1/cmr/m/n/12 , main-tains 39.2%
 []

File: figures/performance_gap.eps Graphic file (type eps)
<figures/performance_gap.eps>
Overfull \hbox (10.09898pt too wide) in paragraph at lines 99--105
[]\OT1/cmr/m/n/12 The \OT1/cmr/m/it/12 Most Commonly-Selected Band Al-go-rithm 
\OT1/cmr/m/n/12 has two dif-fer-ent modes of through-
 []

[24]
File: figures/region_map.eps Graphic file (type eps)
 <figures/region_map.eps>
File: figures/mvsl.eps Graphic file (type eps)
 <figures/mvsl.eps> [25])
(./multiband_vnc/related.tex [26]) (./multiband_vnc/conclusion.tex))
(./chap_winmee.tex [27]
Chapter 4.
(./multiband_winmee/problemformulation.tex [28

] [29] [30] [31] [32])
(./multiband_winmee/experiment.tex [33]
File: figures/equipment.eps Graphic file (type eps)
 <figures/equipment.eps> [34] [35]
File: figures/drivemap.eps Graphic file (type eps)

<figures/drivemap.eps>
File: figures/drivetest.eps Graphic file (type eps)
 <figures/drivetest.eps> [36]
Overfull \hbox (190.629pt too wide) in paragraph at lines 156--172
 [][] 
 []

[37]
File: figures/redensity.eps Graphic file (type eps)
 <figures/redensity.eps> [38]

LaTeX Warning: `h' float specifier changed to `ht'.

[39] [40]) (./multiband_winmee/related.tex [41])
(./multiband_winmee/conclusion.tex)) (./chap_wm.tex [42]
Chapter 5.
(./multiband_wm/problemformulation.tex [43

]

LaTeX Warning: Reference `sec:experimentdesign' on page 44 undefined on input l
ine 83.

File: figures/interferencerange2.eps Graphic file (type eps)
<figures/interferencerange2.eps> [44] [45] [46]) (./multiband_wm/linearopt.tex
Underfull \hbox (badness 1400) in paragraph at lines 36--40
[]\OT1/cmr/m/n/12 Gateways in net-
 []


Underfull \hbox (badness 10000) in paragraph at lines 21--47

 []

[47]
Underfull \hbox (badness 5036) in paragraph at lines 65--66
[]\OT1/cmr/m/n/12 Time share of
 []


Underfull \hbox (badness 10000) in paragraph at lines 65--66
\OT1/cmr/m/n/12 link $(\OML/cmm/m/it/12 i; j\OT1/cmr/m/n/12 )$ on
 []


Underfull \hbox (badness 3568) in paragraph at lines 67--68
[]\OT1/cmr/m/n/12 Uplink flow of
 []


Underfull \hbox (badness 10000) in paragraph at lines 58--71

 []

[48] [49]) (./multiband_wm/wmalgorithms.tex
(./multiband_wm/networkefficiency.tex [50] [51]) [52]

Package amsmath Warning: Foreign command \atopwithdelims;
(amsmath)                \frac or \genfrac should be used instead
(amsmath)                 on input line 181.

) (./multiband_wm/experiment.tex [53] [54]
File: figures/varysize.eps Graphic file (type eps)
 <figures/varysize.eps>
File: figures/maxtpt.eps Graphic file (type eps)

<figures/maxtpt.eps>
File: figures/wifiws.eps Graphic file (type eps)
 <figures/wifiws.eps>
Overfull \hbox (280.83109pt too wide) in paragraph at lines 126--146
 [][] 
 []


LaTeX Warning: Reference `fig:all3figs' on page 55 undefined on input line 160.


[55] [56] [57] [58] [59]) (./multiband_wm/related.tex [60])
(./multiband_wm/conclusion.tex)) (./chap_futurework.tex [61] [62]
Chapter 6.
) (./chap_related.tex

LaTeX Warning: Citation `tragos2013spectrum' on page 63 undefined on input line
 9.


LaTeX Warning: Citation `tragos2013spectrum' on page 63 undefined on input line
 11.


LaTeX Warning: Citation `irwin2013resource' on page 63 undefined on input line 
13.


LaTeX Warning: Citation `chieochan2013channel' on page 63 undefined on input li
ne 13.


LaTeX Warning: Citation `irwin2013resource' on page 63 undefined on input line 
16.


LaTeX Warning: Citation `doraghinejad2014channel' on page 63 undefined on input
 line 16.


LaTeX Warning: Citation `tragos2013spectrum' on page 63 undefined on input line
 18.


LaTeX Warning: Citation `irwin2013resource' on page 63 undefined on input line 
20.


LaTeX Warning: Citation `pcuiwinmee' on page 63 undefined on input line 30.


LaTeX Warning: Citation `irwin2013resource' on page 63 undefined on input line 
37.


LaTeX Warning: Citation `chieochan2013channel' on page 63 undefined on input li
ne 39.


LaTeX Warning: Citation `li2012channel' on page 63 undefined on input line 39.


LaTeX Warning: Citation `long2013fair' on page 63 undefined on input line 41.

[63

]

LaTeX Warning: Citation `doraghinejad2014channel' on page 64 undefined on input
 line 50.


LaTeX Warning: Citation `irwin2013resource' on page 64 undefined on input line 
53.


LaTeX Warning: Citation `filippini2013new' on page 64 undefined on input line 5
3.


LaTeX Warning: Citation `zhu2013survey' on page 64 undefined on input line 58.


LaTeX Warning: Citation `filippini2013new' on page 64 undefined on input line 7
8.


LaTeX Warning: Citation `deb2009dynamic' on page 64 undefined on input line 80.


[64]) (./chap_conclusion.tex [65]
Chapter 7.
) (./proposal_pcui.bbl [66

]
REFERENCES.
[67

]
Underfull \hbox (badness 10000) in paragraph at lines 98--103
[]\OT1/cmr/m/sc/12 Cheng, J.  \OT1/cmr/m/n/12 Philadel-phia's mu-nic-i-pal WiFi
 net-work to
 []


Underfull \hbox (badness 10000) in paragraph at lines 98--103
\OT1/cmr/m/n/12 go dark.  $\OT1/cmtt/m/n/12 http : / / arstechnica . com / gadg
ets / 2008 / 05 /
 []

[68] [69] [70])
\openout7 = `proposal_pcui.idx'.


Total number of figures: 17
Total number of tables: 3
[71] (./proposal_pcui.aux)

LaTeX Warning: There were undefined references.


LaTeX Warning: There were multiply-defined labels.

 ) 
Here is how much of TeX's memory you used:
 2385 strings out of 256217
 27618 string characters out of 1917095
 90248 words of memory out of 1500000
 5554 multiletter control sequences out of 10000+200000
 10854 words of font info for 39 fonts, out of 1200000 for 2000
 645 hyphenation exceptions out of 8191
 27i,9n,43p,515b,627s stack positions out of 5000i,500n,6000p,200000b,15000s

Output written on proposal_pcui.dvi (82 pages, 214548 bytes).
